<?xml version="1.0" encoding="UTF-8"?>
<!-- Generated by org.testng.reporters.JUnitReportReporter -->
<testsuite hostname="lxws-201" name="selenium.GoogleTest" tests="2" failures="1" timestamp="4 Apr 2012 09:39:22 GMT" time="2.329" errors="0">
  <testcase name="checkWebpage" time="2.329" classname="selenium.GoogleTest"/>
  <testcase name="checkWebpage" time="0.000" classname="selenium.GoogleTest">
    <failure type="org.openqa.selenium.WebDriverException" message="session 64bac6c4-9e98-414b-9c93-54522a879ff9 does not exist
Command duration or timeout: 2 milliseconds
Build info: version: &#039;2.20.0&#039;, revision: &#039;16008&#039;, time: &#039;2012-02-27 19:03:04&#039;
System info: os.name: &#039;Windows 7&#039;, os.arch: &#039;amd64&#039;, os.version: &#039;6.1&#039;, java.version: &#039;1.6.0_27&#039;
Driver info: driver.version: EventFiringWebDriver
Build info: version: &#039;2.5.0&#039;, revision: &#039;13548&#039;, time: &#039;2011-08-24 13:44:31&#039;
System info: os.name: &#039;Linux&#039;, os.arch: &#039;amd64&#039;, os.version: &#039;2.6.34.7-0.7-desktop&#039;, java.version: &#039;1.6.0_21&#039;
Driver info: driver.version: RemoteWebDriver">
      <![CDATA[org.openqa.selenium.WebDriverException: session 64bac6c4-9e98-414b-9c93-54522a879ff9 does not exist
Command duration or timeout: 2 milliseconds
Build info: version: '2.20.0', revision: '16008', time: '2012-02-27 19:03:04'
System info: os.name: 'Windows 7', os.arch: 'amd64', os.version: '6.1', java.version: '1.6.0_27'
Driver info: driver.version: EventFiringWebDriver
Build info: version: '2.5.0', revision: '13548', time: '2011-08-24 13:44:31'
System info: os.name: 'Linux', os.arch: 'amd64', os.version: '2.6.34.7-0.7-desktop', java.version: '1.6.0_21'
Driver info: driver.version: RemoteWebDriver
	at sun.reflect.NativeConstructorAccessorImpl.newInstance0(Native Method)
	at sun.reflect.NativeConstructorAccessorImpl.newInstance(NativeConstructorAccessorImpl.java:39)
	at sun.reflect.DelegatingConstructorAccessorImpl.newInstance(DelegatingConstructorAccessorImpl.java:27)
	at java.lang.reflect.Constructor.newInstance(Constructor.java:513)
	at org.openqa.selenium.remote.ErrorHandler.createThrowable(ErrorHandler.java:131)
	at org.openqa.selenium.remote.ErrorHandler.throwIfResponseFailed(ErrorHandler.java:105)
	at org.openqa.selenium.remote.RemoteWebDriver.execute(RemoteWebDriver.java:409)
	at org.openqa.selenium.remote.RemoteWebDriver.execute(RemoteWebDriver.java:413)
	at org.openqa.selenium.remote.RemoteWebDriver.quit(RemoteWebDriver.java:289)
	at play.modules.selenium.custom.BaseTest.shutdown(BaseTest.java:25)
	at sun.reflect.NativeMethodAccessorImpl.invoke0(Native Method)
	at sun.reflect.NativeMethodAccessorImpl.invoke(NativeMethodAccessorImpl.java:39)
	at sun.reflect.DelegatingMethodAccessorImpl.invoke(DelegatingMethodAccessorImpl.java:25)
	at java.lang.reflect.Method.invoke(Method.java:597)
	at org.testng.internal.MethodInvocationHelper.invokeMethod(MethodInvocationHelper.java:76)
	at org.testng.internal.Invoker.invokeConfigurationMethod(Invoker.java:525)
	at org.testng.internal.Invoker.invokeConfigurations(Invoker.java:202)
	at org.testng.internal.Invoker.invokeConfigurations(Invoker.java:130)
	at org.testng.internal.TestMethodWorker.invokeAfterClassMethods(TestMethodWorker.java:222)
	at org.testng.internal.TestMethodWorker.run(TestMethodWorker.java:112)
	at org.testng.TestRunner.runWorkers(TestRunner.java:1147)
	at org.testng.TestRunner.privateRun(TestRunner.java:749)
	at org.testng.TestRunner.run(TestRunner.java:600)
	at org.testng.SuiteRunner.runTest(SuiteRunner.java:317)
	at org.testng.SuiteRunner.runSequentially(SuiteRunner.java:312)
	at org.testng.SuiteRunner.privateRun(SuiteRunner.java:274)
	at org.testng.SuiteRunner.run(SuiteRunner.java:223)
	at org.testng.SuiteRunnerWorker.runSuite(SuiteRunnerWorker.java:52)
	at org.testng.SuiteRunnerWorker.run(SuiteRunnerWorker.java:86)
	at org.testng.TestNG.runSuitesSequentially(TestNG.java:1039)
	at org.testng.TestNG.runSuitesLocally(TestNG.java:964)
	at org.testng.TestNG.run(TestNG.java:900)
	at org.testng.TestNG.privateMain(TestNG.java:1182)
	at org.testng.TestNG.main(TestNG.java:1146)
Caused by: org.openqa.selenium.remote.ScreenshotException: Screen shot has been taken
Build info: version: '2.5.0', revision: '13548', time: '2011-08-24 13:44:31'
System info: os.name: 'Linux', os.arch: 'amd64', os.version: '2.6.34.7-0.7-desktop', java.version: '1.6.0_21'
Driver info: driver.version: RemoteWebDriver
	at org.openqa.selenium.remote.ErrorHandler.throwIfResponseFailed(ErrorHandler.java:99)
	... 28 more
Caused by: org.openqa.selenium.WebDriverException: session 64bac6c4-9e98-414b-9c93-54522a879ff9 does not exist
Command duration or timeout: 2 milliseconds
Build info: version: '2.20.0', revision: '16008', time: '2012-02-27 19:03:04'
System info: os.name: 'Windows 7', os.arch: 'amd64', os.version: '6.1', java.version: '1.6.0_27'
Driver info: driver.version: EventFiringWebDriver
Build info: version: '2.5.0', revision: '13548', time: '2011-08-24 13:44:31'
System info: os.name: 'Linux', os.arch: 'amd64', os.version: '2.6.34.7-0.7-desktop', java.version: '1.6.0_21'
Driver info: driver.version: EventFiringWebDriver
	at sun.reflect.NativeConstructorAccessorImpl.newInstance0(Native Method)
	at sun.reflect.NativeConstructorAccessorImpl.newInstance(Unknown Source)
	at sun.reflect.DelegatingConstructorAccessorImpl.newInstance(Unknown Source)
	at java.lang.reflect.Constructor.newInstance(Unknown Source)
	at org.openqa.selenium.remote.ErrorHandler.createThrowable(ErrorHandler.java:170)
	at org.openqa.selenium.remote.ErrorHandler.throwIfResponseFailed(ErrorHandler.java:123)
	at org.openqa.selenium.remote.RemoteWebDriver.execute(RemoteWebDriver.java:438)
	at org.openqa.selenium.remote.RemoteWebDriver.execute(RemoteWebDriver.java:442)
	at org.openqa.selenium.remote.RemoteWebDriver.quit(RemoteWebDriver.java:318)
	at sun.reflect.NativeMethodAccessorImpl.invoke0(Native Method)
	at sun.reflect.NativeMethodAccessorImpl.invoke(Unknown Source)
	at sun.reflect.DelegatingMethodAccessorImpl.invoke(Unknown Source)
	at java.lang.reflect.Method.invoke(Unknown Source)
	at org.openqa.selenium.support.events.EventFiringWebDriver$2.invoke(EventFiringWebDriver.java:98)
	at $Proxy2.quit(Unknown Source)
	at org.openqa.selenium.support.events.EventFiringWebDriver.quit(EventFiringWebDriver.java:191)
	at org.openqa.selenium.remote.server.handler.DeleteSession.call(DeleteSession.java:44)
	at org.openqa.selenium.remote.server.handler.DeleteSession.call(DeleteSession.java:1)
	at java.util.concurrent.FutureTask$Sync.innerRun(Unknown Source)
	at java.util.concurrent.FutureTask.run(Unknown Source)
	at java.util.concurrent.ThreadPoolExecutor$Worker.runTask(Unknown Source)
	at java.util.concurrent.ThreadPoolExecutor$Worker.run(Unknown Source)
	at java.lang.Thread.run(Unknown Source)
]]>
    </failure>
  </testcase>
</testsuite>
